<?xml version="1.0" encoding="UTF-8"?>
<testng-results ignored="0" total="1" passed="1" failed="0" skipped="0">
  <reporter-output>
  </reporter-output>
  <suite started-at="2025-07-25T01:02:51 IST" name="Default suite" finished-at="2025-07-25T01:02:59 IST" duration-ms="8109">
    <groups>
    </groups>
    <test started-at="2025-07-25T01:02:51 IST" name="Default test" finished-at="2025-07-25T01:02:59 IST" duration-ms="8109">
      <class name="TestCase.TC_001">
        <test-method is-config="true" signature="setUp()[pri:0, instance:TestCase.TC_001@76505305]" started-at="2025-07-25T01:02:51 IST" name="setUp" finished-at="2025-07-25T01:02:55 IST" duration-ms="3807" status="PASS">
          <reporter-output>
          </reporter-output>
        </test-method> <!-- setUp -->
        <test-method signature="verifyLoginPage()[pri:0, instance:TestCase.TC_001@76505305]" started-at="2025-07-25T01:02:55 IST" name="verifyLoginPage" finished-at="2025-07-25T01:02:59 IST" duration-ms="3887" status="PASS">
          <reporter-output>
          </reporter-output>
        </test-method> <!-- verifyLoginPage -->
        <test-method is-config="true" signature="tearDown()[pri:0, instance:TestCase.TC_001@76505305]" started-at="2025-07-25T01:02:59 IST" name="tearDown" finished-at="2025-07-25T01:02:59 IST" duration-ms="344" status="PASS">
          <reporter-output>
          </reporter-output>
        </test-method> <!-- tearDown -->
      </class> <!-- TestCase.TC_001 -->
    </test> <!-- Default test -->
  </suite> <!-- Default suite -->
</testng-results>
